<?xml version="1.0" encoding="UTF-8"?>
<!-- Generated by org.testng.reporters.JUnitReportReporter -->
<testsuite hostname="P5-GKQKX52" name="example.org.MavenProj1.BookTest" tests="1" failures="0" timestamp="25 Jun 2018 10:47:19 GMT" time="38.318" errors="0">
  <testcase name="login" time="38.318" classname="example.org.MavenProj1.BookTest"/>
</testsuite> <!-- example.org.MavenProj1.BookTest -->
